<?xml version="1.0" encoding="UTF-8"?>
<!-- Generated by org.testng.reporters.JUnitXMLReporter -->
<testsuite ignored="0" hostname="DESKTOP-VTBT3RG" failures="0" tests="5" name="Test" time="33.045" errors="0" timestamp="2022-04-09T09:21:20 IST">
  <testcase classname="Testcase.Facebooksample" name="FaceBookLoginandLogout" time="6.073"/>
  <testcase classname="Testcase.Facebooksample" name="FaceBookLoginandLogout" time="5.354"/>
  <testcase classname="Testcase.Facebooksample" name="FaceBookLoginandLogout" time="5.475"/>
  <testcase classname="Testcase.Facebooksample" name="FaceBookwithinvalidpassword" time="7.947"/>
  <testcase classname="Testcase.Facebooksample" name="FaceBookwithinvalidpassword" time="7.052"/>
</testsuite> <!-- Test -->
