<?xml version="1.0" encoding="UTF-8"?>
<testng-results ignored="0" total="5" passed="5" failed="0" skipped="0">
  <reporter-output>
  </reporter-output>
  <suite started-at="2022-04-09T09:20:47 IST" name="Suite" finished-at="2022-04-09T09:21:20 IST" duration-ms="33045">
    <groups>
    </groups>
    <test started-at="2022-04-09T09:20:47 IST" name="Test" finished-at="2022-04-09T09:21:20 IST" duration-ms="33045">
      <class name="Testcase.Facebooksample">
        <test-method is-config="true" signature="launch()[pri:0, instance:Testcase.Facebooksample@2ddc9a9f]" started-at="2022-04-09T09:20:46 IST" name="launch" finished-at="2022-04-09T09:20:47 IST" duration-ms="1645" status="PASS">
          <reporter-output>
          </reporter-output>
        </test-method> <!-- launch -->
        <test-method is-config="true" signature="url()[pri:0, instance:Testcase.Facebooksample@2ddc9a9f]" started-at="2022-04-09T09:20:47 IST" name="url" finished-at="2022-04-09T09:20:48 IST" duration-ms="908" status="PASS">
          <reporter-output>
          </reporter-output>
        </test-method> <!-- url -->
        <test-method signature="FaceBookLoginandLogout(java.lang.String,java.lang.String)[pri:0, instance:Testcase.Facebooksample@2ddc9a9f]" started-at="2022-04-09T09:20:49 IST" name="FaceBookLoginandLogout" data-provider="exceldatareadforLogin" finished-at="2022-04-09T09:20:55 IST" duration-ms="6073" status="PASS">
          <params>
            <param index="0">
              <value>
                <![CDATA[kumar.sathish189@gmail.com]]>
              </value>
            </param>
            <param index="1">
              <value>
                <![CDATA[Admin@123]]>
              </value>
            </param>
          </params>
          <reporter-output>
          </reporter-output>
        </test-method> <!-- FaceBookLoginandLogout -->
        <test-method signature="FaceBookLoginandLogout(java.lang.String,java.lang.String)[pri:0, instance:Testcase.Facebooksample@2ddc9a9f]" started-at="2022-04-09T09:20:55 IST" name="FaceBookLoginandLogout" data-provider="exceldatareadforLogin" finished-at="2022-04-09T09:21:00 IST" duration-ms="5354" status="PASS">
          <params>
            <param index="0">
              <value>
                <![CDATA[kumar.sathish189@gmail.com]]>
              </value>
            </param>
            <param index="1">
              <value>
                <![CDATA[Admin@123]]>
              </value>
            </param>
          </params>
          <reporter-output>
          </reporter-output>
        </test-method> <!-- FaceBookLoginandLogout -->
        <test-method signature="FaceBookLoginandLogout(java.lang.String,java.lang.String)[pri:0, instance:Testcase.Facebooksample@2ddc9a9f]" started-at="2022-04-09T09:21:00 IST" name="FaceBookLoginandLogout" data-provider="exceldatareadforLogin" finished-at="2022-04-09T09:21:05 IST" duration-ms="5475" status="PASS">
          <params>
            <param index="0">
              <value>
                <![CDATA[kumar.sathish189@gmail.com]]>
              </value>
            </param>
            <param index="1">
              <value>
                <![CDATA[Admin@123]]>
              </value>
            </param>
          </params>
          <reporter-output>
          </reporter-output>
        </test-method> <!-- FaceBookLoginandLogout -->
        <test-method signature="FaceBookwithinvalidpassword(java.lang.String,java.lang.String)[pri:1, instance:Testcase.Facebooksample@2ddc9a9f]" started-at="2022-04-09T09:21:05 IST" name="FaceBookwithinvalidpassword" data-provider="exceldatareadforincorrectdate" finished-at="2022-04-09T09:21:13 IST" duration-ms="7947" status="PASS">
          <params>
            <param index="0">
              <value>
                <![CDATA[kumar.sathish189@gmail.com]]>
              </value>
            </param>
            <param index="1">
              <value>
                <![CDATA[Admin@12124325]]>
              </value>
            </param>
          </params>
          <reporter-output>
          </reporter-output>
        </test-method> <!-- FaceBookwithinvalidpassword -->
        <test-method signature="FaceBookwithinvalidpassword(java.lang.String,java.lang.String)[pri:1, instance:Testcase.Facebooksample@2ddc9a9f]" started-at="2022-04-09T09:21:13 IST" name="FaceBookwithinvalidpassword" data-provider="exceldatareadforincorrectdate" finished-at="2022-04-09T09:21:20 IST" duration-ms="7052" status="PASS">
          <params>
            <param index="0">
              <value>
                <![CDATA[kumar.sathish189@gmail.com]]>
              </value>
            </param>
            <param index="1">
              <value>
                <![CDATA[Admin@12124325]]>
              </value>
            </param>
          </params>
          <reporter-output>
          </reporter-output>
        </test-method> <!-- FaceBookwithinvalidpassword -->
        <test-method is-config="true" signature="closeall()[pri:0, instance:Testcase.Facebooksample@2ddc9a9f]" started-at="2022-04-09T09:21:20 IST" name="closeall" finished-at="2022-04-09T09:21:21 IST" duration-ms="358" status="PASS">
          <reporter-output>
          </reporter-output>
        </test-method> <!-- closeall -->
      </class> <!-- Testcase.Facebooksample -->
    </test> <!-- Test -->
  </suite> <!-- Suite -->
</testng-results>
